<?xml version="1.0" encoding="UTF-8"?>
<!-- Generated by org.testng.reporters.JUnitXMLReporter -->
<testsuite ignored="0" hostname="Yaminis-MacBook-Air.local" failures="0" tests="2" name="End to End Framework Test" time="50.99" errors="0" timestamp="2025-03-21T23:58:38 EDT">
  <testcase classname="org.yaminikrishnachalimadugu.AppiumFrameworkDesign.Android.AndroidFramework" name="androidEndToEndFrameworkTest" time="21.242"/>
  <testcase classname="org.yaminikrishnachalimadugu.AppiumFrameworkDesign.Android.AndroidFramework" name="androidEndToEndFrameworkTest" time="20.657"/>
</testsuite> <!-- End to End Framework Test -->
