<?xml version="1.0" encoding="UTF-8"?>
<!-- Generated by org.testng.reporters.JUnitXMLReporter -->
<testsuite ignored="0" hostname="Yaminis-MacBook-Air.local" failures="0" tests="4" name="Login Validation Tests-1" time="21.532" errors="0" timestamp="2025-03-22T12:10:18 EDT">
  <testcase classname="org.yaminikrishnachalimadugu.AppiumFrameworkDesign.Android.AndroidLoginValidation" name="AndroidLoginNegative" time="0.0">
    <skipped/>
  </testcase> <!-- AndroidLoginNegative -->
  <testcase classname="org.yaminikrishnachalimadugu.AppiumFrameworkDesign.Android.AndroidLoginValidation" name="AndroidLoginNegative" time="0.001">
    <skipped/>
  </testcase> <!-- AndroidLoginNegative -->
  <testcase classname="org.yaminikrishnachalimadugu.AppiumFrameworkDesign.Android.AndroidLoginValidation" name="AndroidLoginPositive" time="0.001">
    <skipped/>
  </testcase> <!-- AndroidLoginPositive -->
  <testcase classname="org.yaminikrishnachalimadugu.AppiumFrameworkDesign.Android.AndroidLoginValidation" name="AndroidLoginPositive" time="0.0">
    <skipped/>
  </testcase> <!-- AndroidLoginPositive -->
</testsuite> <!-- Login Validation Tests-1 -->
