<?xml version="1.0" encoding="UTF-8"?>
<!-- Generated by org.testng.reporters.JUnitXMLReporter -->
<testsuite ignored="0" hostname="Yaminis-MacBook-Air.local" failures="0" tests="4" name="Login Validation Tests" time="59.048" errors="0" timestamp="2025-03-21T23:59:37 EDT">
  <testcase classname="org.yaminikrishnachalimadugu.AppiumFrameworkDesign.Android.AndroidLoginValidation" name="AndroidLoginNegative" time="12.787"/>
  <testcase classname="org.yaminikrishnachalimadugu.AppiumFrameworkDesign.Android.AndroidLoginValidation" name="AndroidLoginNegative" time="12.73"/>
  <testcase classname="org.yaminikrishnachalimadugu.AppiumFrameworkDesign.Android.AndroidLoginValidation" name="AndroidLoginPositive" time="13.304"/>
  <testcase classname="org.yaminikrishnachalimadugu.AppiumFrameworkDesign.Android.AndroidLoginValidation" name="AndroidLoginPositive" time="13.125"/>
</testsuite> <!-- Login Validation Tests -->
