<?xml version="1.0" encoding="UTF-8"?>
<!-- Generated by org.testng.reporters.JUnitXMLReporter -->
<testsuite ignored="0" hostname="Yaminis-MacBook-Air.local" failures="0" tests="4" name="Login Validation Tests-0" time="26.275" errors="0" timestamp="2025-03-22T12:10:23 EDT">
  <testcase classname="org.yaminikrishnachalimadugu.AppiumFrameworkDesign.Android.AndroidLoginValidation" name="@BeforeMethod preSetup" time="0.86">
    <failure type="org.openqa.selenium.UnsupportedCommandException" message="Unknown mobile command &amp;quot;startActivity&amp;quot;. Only shell,scrollBackTo,viewportScreenshot,deepLink,startLogsBroadcast,stopLogsBroadcast,acceptAlert,dismissAlert,batteryInfo,deviceInfo,changePermissions,getPermissions,performEditorAction,startScreenStreaming,stopScreenStreaming,getNotifications,listSms,type commands are supported.
Build info: version: &amp;apos;4.30.0&amp;apos;, revision: &amp;apos;509c7f17cc*&amp;apos;
System info: os.name: &amp;apos;Mac OS X&amp;apos;, os.arch: &amp;apos;aarch64&amp;apos;, os.version: &amp;apos;15.3.2&amp;apos;, java.version: &amp;apos;17.0.8&amp;apos;
Driver info: io.appium.java_client.android.AndroidDriver
Command: [2d0bb99b4adbfc6f3afc63f4e55ca4f30d3e57c0, executeScript {script=mobile: startActivity, args=[{intent=com.androidsample.generalstore/com.androidsample.generalstore.SplashActivity}]}]
Capabilities {appium:appActivity: com.androidsample.generalst..., appium:appPackage: com.androidsample.generalstore, appium:autoGrantPermissions: true, appium:automationName: uiautomator2, appium:bundleID: com.androidsample.generalstore, appium:bundleId: com.androidsample.generalstore, appium:chromedriverPort: 18081, appium:chromedriverPorts: [[18111, 18121]], appium:databaseEnabled: false, appium:desired: {appActivity: com.androidsample.generalst..., appPackage: com.androidsample.generalstore, autoGrantPermissions: true, automationName: uiautomator2, bstack:options: {buildIdentifier: #1, disableAnimations: true, hostName: Yaminis-MacBook-Air.local, localIdentifier: 22_Mar_129_Yaminis_MacBook_...}, bundleID: com.androidsample.generalstore, bundleId: com.androidsample.generalstore, chromedriverPort: 18081, chromedriverPorts: [[18111, 18121]], deviceName: yami_pixel3a_vanilla_v, disableSuppressAccessibilityService: true, goog:chromeOptions: {}, nativeWebScreenshot: true, newCommandTimeout: 3000, platformName: Android, skipServerInstallation: true, systemPort: 8201, udid: R3CRB055RYP}, appium:deviceApiLevel: 30, appium:deviceManufacturer: samsung, appium:deviceModel: SM-G991B, appium:deviceName: R3CRB055RYP, appium:deviceScreenDensity: 480, appium:deviceScreenSize: 1080x2400, appium:deviceUDID: R3CRB055RYP, appium:disableSuppressAccessibilityService: true, appium:javascriptEnabled: true, appium:locationContextEnabled: false, appium:nativeWebScreenshot: true, appium:networkConnectionEnabled: true, appium:newCommandTimeout: 3000, appium:optimalHubUrl: hub-use.browserstack.com, appium:pixelRatio: 3, appium:platformVersion: 11, appium:skipServerInstallation: true, appium:statBarHeight: 79, appium:systemPort: 8201, appium:takesScreenshot: true, appium:udid: R3CRB055RYP, appium:viewportRect: {height: 2097, left: 0, top: 79, width: 1080}, appium:warnings: {}, appium:webStorageEnabled: false, bstack:options: {buildIdentifier: #1, disableAnimations: true, hostName: Yaminis-MacBook-Air.local, localIdentifier: 22_Mar_129_Yaminis_MacBook_...}, goog:chromeOptions: {}, platformName: ANDROID}
Session ID: 2d0bb99b4adbfc6f3afc63f4e55ca4f30d3e57c0">
      <![CDATA[org.openqa.selenium.UnsupportedCommandException: Unknown mobile command "startActivity". Only shell,scrollBackTo,viewportScreenshot,deepLink,startLogsBroadcast,stopLogsBroadcast,acceptAlert,dismissAlert,batteryInfo,deviceInfo,changePermissions,getPermissions,performEditorAction,startScreenStreaming,stopScreenStreaming,getNotifications,listSms,type commands are supported.
Build info: version: '4.30.0', revision: '509c7f17cc*'
System info: os.name: 'Mac OS X', os.arch: 'aarch64', os.version: '15.3.2', java.version: '17.0.8'
Driver info: io.appium.java_client.android.AndroidDriver
Command: [2d0bb99b4adbfc6f3afc63f4e55ca4f30d3e57c0, executeScript {script=mobile: startActivity, args=[{intent=com.androidsample.generalstore/com.androidsample.generalstore.SplashActivity}]}]
Capabilities {appium:appActivity: com.androidsample.generalst..., appium:appPackage: com.androidsample.generalstore, appium:autoGrantPermissions: true, appium:automationName: uiautomator2, appium:bundleID: com.androidsample.generalstore, appium:bundleId: com.androidsample.generalstore, appium:chromedriverPort: 18081, appium:chromedriverPorts: [[18111, 18121]], appium:databaseEnabled: false, appium:desired: {appActivity: com.androidsample.generalst..., appPackage: com.androidsample.generalstore, autoGrantPermissions: true, automationName: uiautomator2, bstack:options: {buildIdentifier: #1, disableAnimations: true, hostName: Yaminis-MacBook-Air.local, localIdentifier: 22_Mar_129_Yaminis_MacBook_...}, bundleID: com.androidsample.generalstore, bundleId: com.androidsample.generalstore, chromedriverPort: 18081, chromedriverPorts: [[18111, 18121]], deviceName: yami_pixel3a_vanilla_v, disableSuppressAccessibilityService: true, goog:chromeOptions: {}, nativeWebScreenshot: true, newCommandTimeout: 3000, platformName: Android, skipServerInstallation: true, systemPort: 8201, udid: R3CRB055RYP}, appium:deviceApiLevel: 30, appium:deviceManufacturer: samsung, appium:deviceModel: SM-G991B, appium:deviceName: R3CRB055RYP, appium:deviceScreenDensity: 480, appium:deviceScreenSize: 1080x2400, appium:deviceUDID: R3CRB055RYP, appium:disableSuppressAccessibilityService: true, appium:javascriptEnabled: true, appium:locationContextEnabled: false, appium:nativeWebScreenshot: true, appium:networkConnectionEnabled: true, appium:newCommandTimeout: 3000, appium:optimalHubUrl: hub-use.browserstack.com, appium:pixelRatio: 3, appium:platformVersion: 11, appium:skipServerInstallation: true, appium:statBarHeight: 79, appium:systemPort: 8201, appium:takesScreenshot: true, appium:udid: R3CRB055RYP, appium:viewportRect: {height: 2097, left: 0, top: 79, width: 1080}, appium:warnings: {}, appium:webStorageEnabled: false, bstack:options: {buildIdentifier: #1, disableAnimations: true, hostName: Yaminis-MacBook-Air.local, localIdentifier: 22_Mar_129_Yaminis_MacBook_...}, goog:chromeOptions: {}, platformName: ANDROID}
Session ID: 2d0bb99b4adbfc6f3afc63f4e55ca4f30d3e57c0
at org.openqa.selenium.remote.ErrorCodec.decode(ErrorCodec.java:167)
at org.openqa.selenium.remote.codec.w3c.W3CHttpResponseCodec.decode(W3CHttpResponseCodec.java:138)
at org.openqa.selenium.remote.codec.w3c.W3CHttpResponseCodec.decode(W3CHttpResponseCodec.java:50)
at org.openqa.selenium.remote.HttpCommandExecutor.execute(HttpCommandExecutor.java:215)
at io.appium.java_client.remote.AppiumCommandExecutor.execute(AppiumCommandExecutor.java:243)
at org.openqa.selenium.remote.RemoteWebDriver.execute(RemoteWebDriver.java:545)
at org.openqa.selenium.remote.RemoteWebDriver.executeScript(RemoteWebDriver.java:476)
at org.yaminikrishnachalimadugu.AppiumFrameworkDesign.Android.AndroidLoginValidation.preSetup(AndroidLoginValidation.java:34)
at java.base/java.util.ArrayList.forEach(ArrayList.java:1511)
at java.base/java.util.concurrent.FutureTask.run(FutureTask.java:264)
at java.base/java.util.concurrent.ThreadPoolExecutor.runWorker(ThreadPoolExecutor.java:1136)
at java.base/java.util.concurrent.ThreadPoolExecutor$Worker.run(ThreadPoolExecutor.java:635)
at java.base/java.lang.Thread.run(Thread.java:833)
... Removed 26 stack frames]]>
    </failure>
  </testcase> <!-- @BeforeMethod preSetup -->
  <testcase classname="org.yaminikrishnachalimadugu.AppiumFrameworkDesign.Android.AndroidLoginValidation" name="@BeforeMethod preSetup" time="0.244">
    <failure type="org.openqa.selenium.UnsupportedCommandException" message="Unknown mobile command &amp;quot;startActivity&amp;quot;. Only shell,scrollBackTo,viewportScreenshot,deepLink,startLogsBroadcast,stopLogsBroadcast,acceptAlert,dismissAlert,batteryInfo,deviceInfo,changePermissions,getPermissions,performEditorAction,startScreenStreaming,stopScreenStreaming,getNotifications,listSms,type commands are supported.
Build info: version: &amp;apos;4.30.0&amp;apos;, revision: &amp;apos;509c7f17cc*&amp;apos;
System info: os.name: &amp;apos;Mac OS X&amp;apos;, os.arch: &amp;apos;aarch64&amp;apos;, os.version: &amp;apos;15.3.2&amp;apos;, java.version: &amp;apos;17.0.8&amp;apos;
Driver info: io.appium.java_client.android.AndroidDriver
Command: [2d0bb99b4adbfc6f3afc63f4e55ca4f30d3e57c0, executeScript {script=mobile: startActivity, args=[{intent=com.androidsample.generalstore/com.androidsample.generalstore.SplashActivity}]}]
Capabilities {appium:appActivity: com.androidsample.generalst..., appium:appPackage: com.androidsample.generalstore, appium:autoGrantPermissions: true, appium:automationName: uiautomator2, appium:bundleID: com.androidsample.generalstore, appium:bundleId: com.androidsample.generalstore, appium:chromedriverPort: 18081, appium:chromedriverPorts: [[18111, 18121]], appium:databaseEnabled: false, appium:desired: {appActivity: com.androidsample.generalst..., appPackage: com.androidsample.generalstore, autoGrantPermissions: true, automationName: uiautomator2, bstack:options: {buildIdentifier: #1, disableAnimations: true, hostName: Yaminis-MacBook-Air.local, localIdentifier: 22_Mar_129_Yaminis_MacBook_...}, bundleID: com.androidsample.generalstore, bundleId: com.androidsample.generalstore, chromedriverPort: 18081, chromedriverPorts: [[18111, 18121]], deviceName: yami_pixel3a_vanilla_v, disableSuppressAccessibilityService: true, goog:chromeOptions: {}, nativeWebScreenshot: true, newCommandTimeout: 3000, platformName: Android, skipServerInstallation: true, systemPort: 8201, udid: R3CRB055RYP}, appium:deviceApiLevel: 30, appium:deviceManufacturer: samsung, appium:deviceModel: SM-G991B, appium:deviceName: R3CRB055RYP, appium:deviceScreenDensity: 480, appium:deviceScreenSize: 1080x2400, appium:deviceUDID: R3CRB055RYP, appium:disableSuppressAccessibilityService: true, appium:javascriptEnabled: true, appium:locationContextEnabled: false, appium:nativeWebScreenshot: true, appium:networkConnectionEnabled: true, appium:newCommandTimeout: 3000, appium:optimalHubUrl: hub-use.browserstack.com, appium:pixelRatio: 3, appium:platformVersion: 11, appium:skipServerInstallation: true, appium:statBarHeight: 79, appium:systemPort: 8201, appium:takesScreenshot: true, appium:udid: R3CRB055RYP, appium:viewportRect: {height: 2097, left: 0, top: 79, width: 1080}, appium:warnings: {}, appium:webStorageEnabled: false, bstack:options: {buildIdentifier: #1, disableAnimations: true, hostName: Yaminis-MacBook-Air.local, localIdentifier: 22_Mar_129_Yaminis_MacBook_...}, goog:chromeOptions: {}, platformName: ANDROID}
Session ID: 2d0bb99b4adbfc6f3afc63f4e55ca4f30d3e57c0">
      <![CDATA[org.openqa.selenium.UnsupportedCommandException: Unknown mobile command "startActivity". Only shell,scrollBackTo,viewportScreenshot,deepLink,startLogsBroadcast,stopLogsBroadcast,acceptAlert,dismissAlert,batteryInfo,deviceInfo,changePermissions,getPermissions,performEditorAction,startScreenStreaming,stopScreenStreaming,getNotifications,listSms,type commands are supported.
Build info: version: '4.30.0', revision: '509c7f17cc*'
System info: os.name: 'Mac OS X', os.arch: 'aarch64', os.version: '15.3.2', java.version: '17.0.8'
Driver info: io.appium.java_client.android.AndroidDriver
Command: [2d0bb99b4adbfc6f3afc63f4e55ca4f30d3e57c0, executeScript {script=mobile: startActivity, args=[{intent=com.androidsample.generalstore/com.androidsample.generalstore.SplashActivity}]}]
Capabilities {appium:appActivity: com.androidsample.generalst..., appium:appPackage: com.androidsample.generalstore, appium:autoGrantPermissions: true, appium:automationName: uiautomator2, appium:bundleID: com.androidsample.generalstore, appium:bundleId: com.androidsample.generalstore, appium:chromedriverPort: 18081, appium:chromedriverPorts: [[18111, 18121]], appium:databaseEnabled: false, appium:desired: {appActivity: com.androidsample.generalst..., appPackage: com.androidsample.generalstore, autoGrantPermissions: true, automationName: uiautomator2, bstack:options: {buildIdentifier: #1, disableAnimations: true, hostName: Yaminis-MacBook-Air.local, localIdentifier: 22_Mar_129_Yaminis_MacBook_...}, bundleID: com.androidsample.generalstore, bundleId: com.androidsample.generalstore, chromedriverPort: 18081, chromedriverPorts: [[18111, 18121]], deviceName: yami_pixel3a_vanilla_v, disableSuppressAccessibilityService: true, goog:chromeOptions: {}, nativeWebScreenshot: true, newCommandTimeout: 3000, platformName: Android, skipServerInstallation: true, systemPort: 8201, udid: R3CRB055RYP}, appium:deviceApiLevel: 30, appium:deviceManufacturer: samsung, appium:deviceModel: SM-G991B, appium:deviceName: R3CRB055RYP, appium:deviceScreenDensity: 480, appium:deviceScreenSize: 1080x2400, appium:deviceUDID: R3CRB055RYP, appium:disableSuppressAccessibilityService: true, appium:javascriptEnabled: true, appium:locationContextEnabled: false, appium:nativeWebScreenshot: true, appium:networkConnectionEnabled: true, appium:newCommandTimeout: 3000, appium:optimalHubUrl: hub-use.browserstack.com, appium:pixelRatio: 3, appium:platformVersion: 11, appium:skipServerInstallation: true, appium:statBarHeight: 79, appium:systemPort: 8201, appium:takesScreenshot: true, appium:udid: R3CRB055RYP, appium:viewportRect: {height: 2097, left: 0, top: 79, width: 1080}, appium:warnings: {}, appium:webStorageEnabled: false, bstack:options: {buildIdentifier: #1, disableAnimations: true, hostName: Yaminis-MacBook-Air.local, localIdentifier: 22_Mar_129_Yaminis_MacBook_...}, goog:chromeOptions: {}, platformName: ANDROID}
Session ID: 2d0bb99b4adbfc6f3afc63f4e55ca4f30d3e57c0
at org.openqa.selenium.remote.ErrorCodec.decode(ErrorCodec.java:167)
at org.openqa.selenium.remote.codec.w3c.W3CHttpResponseCodec.decode(W3CHttpResponseCodec.java:138)
at org.openqa.selenium.remote.codec.w3c.W3CHttpResponseCodec.decode(W3CHttpResponseCodec.java:50)
at org.openqa.selenium.remote.HttpCommandExecutor.execute(HttpCommandExecutor.java:215)
at io.appium.java_client.remote.AppiumCommandExecutor.execute(AppiumCommandExecutor.java:243)
at org.openqa.selenium.remote.RemoteWebDriver.execute(RemoteWebDriver.java:545)
at org.openqa.selenium.remote.RemoteWebDriver.executeScript(RemoteWebDriver.java:476)
at org.yaminikrishnachalimadugu.AppiumFrameworkDesign.Android.AndroidLoginValidation.preSetup(AndroidLoginValidation.java:34)
at java.base/java.util.ArrayList.forEach(ArrayList.java:1511)
at java.base/java.util.concurrent.FutureTask.run(FutureTask.java:264)
at java.base/java.util.concurrent.ThreadPoolExecutor.runWorker(ThreadPoolExecutor.java:1136)
at java.base/java.util.concurrent.ThreadPoolExecutor$Worker.run(ThreadPoolExecutor.java:635)
at java.base/java.lang.Thread.run(Thread.java:833)
... Removed 26 stack frames]]>
    </failure>
  </testcase> <!-- @BeforeMethod preSetup -->
  <testcase classname="org.yaminikrishnachalimadugu.AppiumFrameworkDesign.Android.AndroidLoginValidation" name="@BeforeMethod preSetup" time="0.264">
    <failure type="org.openqa.selenium.UnsupportedCommandException" message="Unknown mobile command &amp;quot;startActivity&amp;quot;. Only shell,scrollBackTo,viewportScreenshot,deepLink,startLogsBroadcast,stopLogsBroadcast,acceptAlert,dismissAlert,batteryInfo,deviceInfo,changePermissions,getPermissions,performEditorAction,startScreenStreaming,stopScreenStreaming,getNotifications,listSms,type commands are supported.
Build info: version: &amp;apos;4.30.0&amp;apos;, revision: &amp;apos;509c7f17cc*&amp;apos;
System info: os.name: &amp;apos;Mac OS X&amp;apos;, os.arch: &amp;apos;aarch64&amp;apos;, os.version: &amp;apos;15.3.2&amp;apos;, java.version: &amp;apos;17.0.8&amp;apos;
Driver info: io.appium.java_client.android.AndroidDriver
Command: [2d0bb99b4adbfc6f3afc63f4e55ca4f30d3e57c0, executeScript {script=mobile: startActivity, args=[{intent=com.androidsample.generalstore/com.androidsample.generalstore.SplashActivity}]}]
Capabilities {appium:appActivity: com.androidsample.generalst..., appium:appPackage: com.androidsample.generalstore, appium:autoGrantPermissions: true, appium:automationName: uiautomator2, appium:bundleID: com.androidsample.generalstore, appium:bundleId: com.androidsample.generalstore, appium:chromedriverPort: 18081, appium:chromedriverPorts: [[18111, 18121]], appium:databaseEnabled: false, appium:desired: {appActivity: com.androidsample.generalst..., appPackage: com.androidsample.generalstore, autoGrantPermissions: true, automationName: uiautomator2, bstack:options: {buildIdentifier: #1, disableAnimations: true, hostName: Yaminis-MacBook-Air.local, localIdentifier: 22_Mar_129_Yaminis_MacBook_...}, bundleID: com.androidsample.generalstore, bundleId: com.androidsample.generalstore, chromedriverPort: 18081, chromedriverPorts: [[18111, 18121]], deviceName: yami_pixel3a_vanilla_v, disableSuppressAccessibilityService: true, goog:chromeOptions: {}, nativeWebScreenshot: true, newCommandTimeout: 3000, platformName: Android, skipServerInstallation: true, systemPort: 8201, udid: R3CRB055RYP}, appium:deviceApiLevel: 30, appium:deviceManufacturer: samsung, appium:deviceModel: SM-G991B, appium:deviceName: R3CRB055RYP, appium:deviceScreenDensity: 480, appium:deviceScreenSize: 1080x2400, appium:deviceUDID: R3CRB055RYP, appium:disableSuppressAccessibilityService: true, appium:javascriptEnabled: true, appium:locationContextEnabled: false, appium:nativeWebScreenshot: true, appium:networkConnectionEnabled: true, appium:newCommandTimeout: 3000, appium:optimalHubUrl: hub-use.browserstack.com, appium:pixelRatio: 3, appium:platformVersion: 11, appium:skipServerInstallation: true, appium:statBarHeight: 79, appium:systemPort: 8201, appium:takesScreenshot: true, appium:udid: R3CRB055RYP, appium:viewportRect: {height: 2097, left: 0, top: 79, width: 1080}, appium:warnings: {}, appium:webStorageEnabled: false, bstack:options: {buildIdentifier: #1, disableAnimations: true, hostName: Yaminis-MacBook-Air.local, localIdentifier: 22_Mar_129_Yaminis_MacBook_...}, goog:chromeOptions: {}, platformName: ANDROID}
Session ID: 2d0bb99b4adbfc6f3afc63f4e55ca4f30d3e57c0">
      <![CDATA[org.openqa.selenium.UnsupportedCommandException: Unknown mobile command "startActivity". Only shell,scrollBackTo,viewportScreenshot,deepLink,startLogsBroadcast,stopLogsBroadcast,acceptAlert,dismissAlert,batteryInfo,deviceInfo,changePermissions,getPermissions,performEditorAction,startScreenStreaming,stopScreenStreaming,getNotifications,listSms,type commands are supported.
Build info: version: '4.30.0', revision: '509c7f17cc*'
System info: os.name: 'Mac OS X', os.arch: 'aarch64', os.version: '15.3.2', java.version: '17.0.8'
Driver info: io.appium.java_client.android.AndroidDriver
Command: [2d0bb99b4adbfc6f3afc63f4e55ca4f30d3e57c0, executeScript {script=mobile: startActivity, args=[{intent=com.androidsample.generalstore/com.androidsample.generalstore.SplashActivity}]}]
Capabilities {appium:appActivity: com.androidsample.generalst..., appium:appPackage: com.androidsample.generalstore, appium:autoGrantPermissions: true, appium:automationName: uiautomator2, appium:bundleID: com.androidsample.generalstore, appium:bundleId: com.androidsample.generalstore, appium:chromedriverPort: 18081, appium:chromedriverPorts: [[18111, 18121]], appium:databaseEnabled: false, appium:desired: {appActivity: com.androidsample.generalst..., appPackage: com.androidsample.generalstore, autoGrantPermissions: true, automationName: uiautomator2, bstack:options: {buildIdentifier: #1, disableAnimations: true, hostName: Yaminis-MacBook-Air.local, localIdentifier: 22_Mar_129_Yaminis_MacBook_...}, bundleID: com.androidsample.generalstore, bundleId: com.androidsample.generalstore, chromedriverPort: 18081, chromedriverPorts: [[18111, 18121]], deviceName: yami_pixel3a_vanilla_v, disableSuppressAccessibilityService: true, goog:chromeOptions: {}, nativeWebScreenshot: true, newCommandTimeout: 3000, platformName: Android, skipServerInstallation: true, systemPort: 8201, udid: R3CRB055RYP}, appium:deviceApiLevel: 30, appium:deviceManufacturer: samsung, appium:deviceModel: SM-G991B, appium:deviceName: R3CRB055RYP, appium:deviceScreenDensity: 480, appium:deviceScreenSize: 1080x2400, appium:deviceUDID: R3CRB055RYP, appium:disableSuppressAccessibilityService: true, appium:javascriptEnabled: true, appium:locationContextEnabled: false, appium:nativeWebScreenshot: true, appium:networkConnectionEnabled: true, appium:newCommandTimeout: 3000, appium:optimalHubUrl: hub-use.browserstack.com, appium:pixelRatio: 3, appium:platformVersion: 11, appium:skipServerInstallation: true, appium:statBarHeight: 79, appium:systemPort: 8201, appium:takesScreenshot: true, appium:udid: R3CRB055RYP, appium:viewportRect: {height: 2097, left: 0, top: 79, width: 1080}, appium:warnings: {}, appium:webStorageEnabled: false, bstack:options: {buildIdentifier: #1, disableAnimations: true, hostName: Yaminis-MacBook-Air.local, localIdentifier: 22_Mar_129_Yaminis_MacBook_...}, goog:chromeOptions: {}, platformName: ANDROID}
Session ID: 2d0bb99b4adbfc6f3afc63f4e55ca4f30d3e57c0
at org.openqa.selenium.remote.ErrorCodec.decode(ErrorCodec.java:167)
at org.openqa.selenium.remote.codec.w3c.W3CHttpResponseCodec.decode(W3CHttpResponseCodec.java:138)
at org.openqa.selenium.remote.codec.w3c.W3CHttpResponseCodec.decode(W3CHttpResponseCodec.java:50)
at org.openqa.selenium.remote.HttpCommandExecutor.execute(HttpCommandExecutor.java:215)
at io.appium.java_client.remote.AppiumCommandExecutor.execute(AppiumCommandExecutor.java:243)
at org.openqa.selenium.remote.RemoteWebDriver.execute(RemoteWebDriver.java:545)
at org.openqa.selenium.remote.RemoteWebDriver.executeScript(RemoteWebDriver.java:476)
at org.yaminikrishnachalimadugu.AppiumFrameworkDesign.Android.AndroidLoginValidation.preSetup(AndroidLoginValidation.java:34)
at java.base/java.util.ArrayList.forEach(ArrayList.java:1511)
at java.base/java.util.concurrent.FutureTask.run(FutureTask.java:264)
at java.base/java.util.concurrent.ThreadPoolExecutor.runWorker(ThreadPoolExecutor.java:1136)
at java.base/java.util.concurrent.ThreadPoolExecutor$Worker.run(ThreadPoolExecutor.java:635)
at java.base/java.lang.Thread.run(Thread.java:833)
... Removed 26 stack frames]]>
    </failure>
  </testcase> <!-- @BeforeMethod preSetup -->
  <testcase classname="org.yaminikrishnachalimadugu.AppiumFrameworkDesign.Android.AndroidLoginValidation" name="@BeforeMethod preSetup" time="0.267">
    <failure type="org.openqa.selenium.UnsupportedCommandException" message="Unknown mobile command &amp;quot;startActivity&amp;quot;. Only shell,scrollBackTo,viewportScreenshot,deepLink,startLogsBroadcast,stopLogsBroadcast,acceptAlert,dismissAlert,batteryInfo,deviceInfo,changePermissions,getPermissions,performEditorAction,startScreenStreaming,stopScreenStreaming,getNotifications,listSms,type commands are supported.
Build info: version: &amp;apos;4.30.0&amp;apos;, revision: &amp;apos;509c7f17cc*&amp;apos;
System info: os.name: &amp;apos;Mac OS X&amp;apos;, os.arch: &amp;apos;aarch64&amp;apos;, os.version: &amp;apos;15.3.2&amp;apos;, java.version: &amp;apos;17.0.8&amp;apos;
Driver info: io.appium.java_client.android.AndroidDriver
Command: [2d0bb99b4adbfc6f3afc63f4e55ca4f30d3e57c0, executeScript {script=mobile: startActivity, args=[{intent=com.androidsample.generalstore/com.androidsample.generalstore.SplashActivity}]}]
Capabilities {appium:appActivity: com.androidsample.generalst..., appium:appPackage: com.androidsample.generalstore, appium:autoGrantPermissions: true, appium:automationName: uiautomator2, appium:bundleID: com.androidsample.generalstore, appium:bundleId: com.androidsample.generalstore, appium:chromedriverPort: 18081, appium:chromedriverPorts: [[18111, 18121]], appium:databaseEnabled: false, appium:desired: {appActivity: com.androidsample.generalst..., appPackage: com.androidsample.generalstore, autoGrantPermissions: true, automationName: uiautomator2, bstack:options: {buildIdentifier: #1, disableAnimations: true, hostName: Yaminis-MacBook-Air.local, localIdentifier: 22_Mar_129_Yaminis_MacBook_...}, bundleID: com.androidsample.generalstore, bundleId: com.androidsample.generalstore, chromedriverPort: 18081, chromedriverPorts: [[18111, 18121]], deviceName: yami_pixel3a_vanilla_v, disableSuppressAccessibilityService: true, goog:chromeOptions: {}, nativeWebScreenshot: true, newCommandTimeout: 3000, platformName: Android, skipServerInstallation: true, systemPort: 8201, udid: R3CRB055RYP}, appium:deviceApiLevel: 30, appium:deviceManufacturer: samsung, appium:deviceModel: SM-G991B, appium:deviceName: R3CRB055RYP, appium:deviceScreenDensity: 480, appium:deviceScreenSize: 1080x2400, appium:deviceUDID: R3CRB055RYP, appium:disableSuppressAccessibilityService: true, appium:javascriptEnabled: true, appium:locationContextEnabled: false, appium:nativeWebScreenshot: true, appium:networkConnectionEnabled: true, appium:newCommandTimeout: 3000, appium:optimalHubUrl: hub-use.browserstack.com, appium:pixelRatio: 3, appium:platformVersion: 11, appium:skipServerInstallation: true, appium:statBarHeight: 79, appium:systemPort: 8201, appium:takesScreenshot: true, appium:udid: R3CRB055RYP, appium:viewportRect: {height: 2097, left: 0, top: 79, width: 1080}, appium:warnings: {}, appium:webStorageEnabled: false, bstack:options: {buildIdentifier: #1, disableAnimations: true, hostName: Yaminis-MacBook-Air.local, localIdentifier: 22_Mar_129_Yaminis_MacBook_...}, goog:chromeOptions: {}, platformName: ANDROID}
Session ID: 2d0bb99b4adbfc6f3afc63f4e55ca4f30d3e57c0">
      <![CDATA[org.openqa.selenium.UnsupportedCommandException: Unknown mobile command "startActivity". Only shell,scrollBackTo,viewportScreenshot,deepLink,startLogsBroadcast,stopLogsBroadcast,acceptAlert,dismissAlert,batteryInfo,deviceInfo,changePermissions,getPermissions,performEditorAction,startScreenStreaming,stopScreenStreaming,getNotifications,listSms,type commands are supported.
Build info: version: '4.30.0', revision: '509c7f17cc*'
System info: os.name: 'Mac OS X', os.arch: 'aarch64', os.version: '15.3.2', java.version: '17.0.8'
Driver info: io.appium.java_client.android.AndroidDriver
Command: [2d0bb99b4adbfc6f3afc63f4e55ca4f30d3e57c0, executeScript {script=mobile: startActivity, args=[{intent=com.androidsample.generalstore/com.androidsample.generalstore.SplashActivity}]}]
Capabilities {appium:appActivity: com.androidsample.generalst..., appium:appPackage: com.androidsample.generalstore, appium:autoGrantPermissions: true, appium:automationName: uiautomator2, appium:bundleID: com.androidsample.generalstore, appium:bundleId: com.androidsample.generalstore, appium:chromedriverPort: 18081, appium:chromedriverPorts: [[18111, 18121]], appium:databaseEnabled: false, appium:desired: {appActivity: com.androidsample.generalst..., appPackage: com.androidsample.generalstore, autoGrantPermissions: true, automationName: uiautomator2, bstack:options: {buildIdentifier: #1, disableAnimations: true, hostName: Yaminis-MacBook-Air.local, localIdentifier: 22_Mar_129_Yaminis_MacBook_...}, bundleID: com.androidsample.generalstore, bundleId: com.androidsample.generalstore, chromedriverPort: 18081, chromedriverPorts: [[18111, 18121]], deviceName: yami_pixel3a_vanilla_v, disableSuppressAccessibilityService: true, goog:chromeOptions: {}, nativeWebScreenshot: true, newCommandTimeout: 3000, platformName: Android, skipServerInstallation: true, systemPort: 8201, udid: R3CRB055RYP}, appium:deviceApiLevel: 30, appium:deviceManufacturer: samsung, appium:deviceModel: SM-G991B, appium:deviceName: R3CRB055RYP, appium:deviceScreenDensity: 480, appium:deviceScreenSize: 1080x2400, appium:deviceUDID: R3CRB055RYP, appium:disableSuppressAccessibilityService: true, appium:javascriptEnabled: true, appium:locationContextEnabled: false, appium:nativeWebScreenshot: true, appium:networkConnectionEnabled: true, appium:newCommandTimeout: 3000, appium:optimalHubUrl: hub-use.browserstack.com, appium:pixelRatio: 3, appium:platformVersion: 11, appium:skipServerInstallation: true, appium:statBarHeight: 79, appium:systemPort: 8201, appium:takesScreenshot: true, appium:udid: R3CRB055RYP, appium:viewportRect: {height: 2097, left: 0, top: 79, width: 1080}, appium:warnings: {}, appium:webStorageEnabled: false, bstack:options: {buildIdentifier: #1, disableAnimations: true, hostName: Yaminis-MacBook-Air.local, localIdentifier: 22_Mar_129_Yaminis_MacBook_...}, goog:chromeOptions: {}, platformName: ANDROID}
Session ID: 2d0bb99b4adbfc6f3afc63f4e55ca4f30d3e57c0
at org.openqa.selenium.remote.ErrorCodec.decode(ErrorCodec.java:167)
at org.openqa.selenium.remote.codec.w3c.W3CHttpResponseCodec.decode(W3CHttpResponseCodec.java:138)
at org.openqa.selenium.remote.codec.w3c.W3CHttpResponseCodec.decode(W3CHttpResponseCodec.java:50)
at org.openqa.selenium.remote.HttpCommandExecutor.execute(HttpCommandExecutor.java:215)
at io.appium.java_client.remote.AppiumCommandExecutor.execute(AppiumCommandExecutor.java:243)
at org.openqa.selenium.remote.RemoteWebDriver.execute(RemoteWebDriver.java:545)
at org.openqa.selenium.remote.RemoteWebDriver.executeScript(RemoteWebDriver.java:476)
at org.yaminikrishnachalimadugu.AppiumFrameworkDesign.Android.AndroidLoginValidation.preSetup(AndroidLoginValidation.java:34)
at java.base/java.util.ArrayList.forEach(ArrayList.java:1511)
at java.base/java.util.concurrent.FutureTask.run(FutureTask.java:264)
at java.base/java.util.concurrent.ThreadPoolExecutor.runWorker(ThreadPoolExecutor.java:1136)
at java.base/java.util.concurrent.ThreadPoolExecutor$Worker.run(ThreadPoolExecutor.java:635)
at java.base/java.lang.Thread.run(Thread.java:833)
... Removed 26 stack frames]]>
    </failure>
  </testcase> <!-- @BeforeMethod preSetup -->
  <testcase classname="org.yaminikrishnachalimadugu.AppiumFrameworkDesign.Android.AndroidLoginValidation" name="AndroidLoginNegative" time="0.0">
    <skipped/>
  </testcase> <!-- AndroidLoginNegative -->
  <testcase classname="org.yaminikrishnachalimadugu.AppiumFrameworkDesign.Android.AndroidLoginValidation" name="AndroidLoginNegative" time="0.0">
    <skipped/>
  </testcase> <!-- AndroidLoginNegative -->
  <testcase classname="org.yaminikrishnachalimadugu.AppiumFrameworkDesign.Android.AndroidLoginValidation" name="AndroidLoginPositive" time="0.0">
    <skipped/>
  </testcase> <!-- AndroidLoginPositive -->
  <testcase classname="org.yaminikrishnachalimadugu.AppiumFrameworkDesign.Android.AndroidLoginValidation" name="AndroidLoginPositive" time="0.0">
    <skipped/>
  </testcase> <!-- AndroidLoginPositive -->
</testsuite> <!-- Login Validation Tests-0 -->
