<?xml version="1.0" encoding="UTF-8"?>
<testng-results ignored="0" total="3" passed="3" failed="0" skipped="0">
  <reporter-output>
  </reporter-output>
  <suite started-at="2025-03-22T12:50:40 EDT" name="Suite" finished-at="2025-03-22T12:51:56 EDT" duration-ms="75639">
    <groups>
    </groups>
    <test started-at="2025-03-22T12:50:40 EDT" name="End to End Framework Test-1" finished-at="2025-03-22T12:51:49 EDT" duration-ms="68732">
      <class name="org.yaminikrishnachalimadugu.AppiumFrameworkDesign.Android.AndroidFramework">
        <test-method is-config="true" signature="setUp()[pri:0, instance:org.yaminikrishnachalimadugu.AppiumFrameworkDesign.Android.AndroidFramework@7c551ad4]" started-at="2025-03-22T12:50:40 EDT" name="setUp" finished-at="2025-03-22T12:51:00 EDT" duration-ms="19528" status="PASS">
          <reporter-output>
          </reporter-output>
        </test-method> <!-- setUp -->
        <test-method signature="androidEndToEndFrameworkTest(java.util.HashMap)[pri:0, instance:org.yaminikrishnachalimadugu.AppiumFrameworkDesign.Android.AndroidFramework@7c551ad4]" started-at="2025-03-22T12:51:00 EDT" name="androidEndToEndFrameworkTest" data-provider="getData" finished-at="2025-03-22T12:51:47 EDT" duration-ms="47317" status="PASS">
          <params>
            <param index="0">
              <value>
                <![CDATA[{name=Yamini, country=Argentina, gender=female}]]>
              </value>
            </param>
          </params>
          <reporter-output>
          </reporter-output>
        </test-method> <!-- androidEndToEndFrameworkTest -->
        <test-method is-config="true" signature="tearDown()[pri:0, instance:org.yaminikrishnachalimadugu.AppiumFrameworkDesign.Android.AndroidFramework@7c551ad4]" started-at="2025-03-22T12:51:47 EDT" name="tearDown" finished-at="2025-03-22T12:51:49 EDT" duration-ms="1630" status="PASS">
          <reporter-output>
          </reporter-output>
        </test-method> <!-- tearDown -->
      </class> <!-- org.yaminikrishnachalimadugu.AppiumFrameworkDesign.Android.AndroidFramework -->
    </test> <!-- End to End Framework Test-1 -->
    <test started-at="2025-03-22T12:50:40 EDT" name="End to End Framework Test-0" finished-at="2025-03-22T12:51:56 EDT" duration-ms="75639">
      <class name="org.yaminikrishnachalimadugu.AppiumFrameworkDesign.Android.AndroidFramework">
        <test-method is-config="true" signature="setUp()[pri:0, instance:org.yaminikrishnachalimadugu.AppiumFrameworkDesign.Android.AndroidFramework@6b0615ae]" started-at="2025-03-22T12:50:40 EDT" name="setUp" finished-at="2025-03-22T12:51:03 EDT" duration-ms="22565" status="PASS">
          <reporter-output>
          </reporter-output>
        </test-method> <!-- setUp -->
        <test-method signature="androidEndToEndFrameworkTest(java.util.HashMap)[pri:0, instance:org.yaminikrishnachalimadugu.AppiumFrameworkDesign.Android.AndroidFramework@6b0615ae]" started-at="2025-03-22T12:51:03 EDT" name="androidEndToEndFrameworkTest" data-provider="getData" finished-at="2025-03-22T12:51:54 EDT" duration-ms="51371" status="PASS">
          <params>
            <param index="0">
              <value>
                <![CDATA[{name=Yamini, country=Argentina, gender=female}]]>
              </value>
            </param>
          </params>
          <reporter-output>
          </reporter-output>
        </test-method> <!-- androidEndToEndFrameworkTest -->
        <test-method is-config="true" signature="tearDown()[pri:0, instance:org.yaminikrishnachalimadugu.AppiumFrameworkDesign.Android.AndroidFramework@6b0615ae]" started-at="2025-03-22T12:51:54 EDT" name="tearDown" finished-at="2025-03-22T12:51:56 EDT" duration-ms="1554" status="PASS">
          <reporter-output>
          </reporter-output>
        </test-method> <!-- tearDown -->
      </class> <!-- org.yaminikrishnachalimadugu.AppiumFrameworkDesign.Android.AndroidFramework -->
    </test> <!-- End to End Framework Test-0 -->
    <test started-at="2025-03-22T12:50:40 EDT" name="End to End Framework Test-2" finished-at="2025-03-22T12:51:56 EDT" duration-ms="75612">
      <class name="org.yaminikrishnachalimadugu.AppiumFrameworkDesign.Android.AndroidFramework">
        <test-method is-config="true" signature="setUp()[pri:0, instance:org.yaminikrishnachalimadugu.AppiumFrameworkDesign.Android.AndroidFramework@554cd74a]" started-at="2025-03-22T12:50:40 EDT" name="setUp" finished-at="2025-03-22T12:51:01 EDT" duration-ms="20929" status="PASS">
          <reporter-output>
          </reporter-output>
        </test-method> <!-- setUp -->
        <test-method signature="androidEndToEndFrameworkTest(java.util.HashMap)[pri:0, instance:org.yaminikrishnachalimadugu.AppiumFrameworkDesign.Android.AndroidFramework@554cd74a]" started-at="2025-03-22T12:51:01 EDT" name="androidEndToEndFrameworkTest" data-provider="getData" finished-at="2025-03-22T12:51:54 EDT" duration-ms="53019" status="PASS">
          <params>
            <param index="0">
              <value>
                <![CDATA[{name=Yamini, country=Argentina, gender=female}]]>
              </value>
            </param>
          </params>
          <reporter-output>
          </reporter-output>
        </test-method> <!-- androidEndToEndFrameworkTest -->
        <test-method is-config="true" signature="tearDown()[pri:0, instance:org.yaminikrishnachalimadugu.AppiumFrameworkDesign.Android.AndroidFramework@554cd74a]" started-at="2025-03-22T12:51:54 EDT" name="tearDown" finished-at="2025-03-22T12:51:56 EDT" duration-ms="1529" status="PASS">
          <reporter-output>
          </reporter-output>
        </test-method> <!-- tearDown -->
      </class> <!-- org.yaminikrishnachalimadugu.AppiumFrameworkDesign.Android.AndroidFramework -->
    </test> <!-- End to End Framework Test-2 -->
  </suite> <!-- Suite -->
</testng-results>
