<?xml version="1.0" encoding="UTF-8"?>
<testng-results ignored="0" total="1" passed="1" failed="0" skipped="0">
  <reporter-output>
  </reporter-output>
  <suite started-at="2025-03-22T12:26:47 EDT" name="Default suite" finished-at="2025-03-22T12:27:12 EDT" duration-ms="25343">
    <groups>
    </groups>
    <test started-at="2025-03-22T12:26:47 EDT" name="Default test" finished-at="2025-03-22T12:27:12 EDT" duration-ms="25343">
      <class name="org.yaminikrishnachalimadugu.AppiumFrameworkDesign.Android.AndroidFramework">
        <test-method is-config="true" signature="setUp()[pri:0, instance:org.yaminikrishnachalimadugu.AppiumFrameworkDesign.Android.AndroidFramework@55562aa9]" started-at="2025-03-22T12:26:47 EDT" name="setUp" finished-at="2025-03-22T12:26:52 EDT" duration-ms="4690" status="PASS">
          <reporter-output>
          </reporter-output>
        </test-method> <!-- setUp -->
        <test-method signature="androidEndToEndFrameworkTest(java.util.HashMap)[pri:0, instance:org.yaminikrishnachalimadugu.AppiumFrameworkDesign.Android.AndroidFramework@55562aa9]" started-at="2025-03-22T12:26:52 EDT" name="androidEndToEndFrameworkTest" data-provider="getData" finished-at="2025-03-22T12:27:12 EDT" duration-ms="20263" status="PASS">
          <params>
            <param index="0">
              <value>
                <![CDATA[{gender=female, name=Yamini, country=Argentina}]]>
              </value>
            </param>
          </params>
          <reporter-output>
          </reporter-output>
        </test-method> <!-- androidEndToEndFrameworkTest -->
        <test-method is-config="true" signature="tearDown()[pri:0, instance:org.yaminikrishnachalimadugu.AppiumFrameworkDesign.Android.AndroidFramework@55562aa9]" started-at="2025-03-22T12:27:12 EDT" name="tearDown" finished-at="2025-03-22T12:27:12 EDT" duration-ms="298" status="PASS">
          <reporter-output>
          </reporter-output>
        </test-method> <!-- tearDown -->
      </class> <!-- org.yaminikrishnachalimadugu.AppiumFrameworkDesign.Android.AndroidFramework -->
    </test> <!-- Default test -->
  </suite> <!-- Default suite -->
</testng-results>
